[ 2017-05-30T22:22:27+08:00 ] 123.125.71.43 /
INFO: [ app_init ] --START--
INFO: Run Behavior\BuildLiteBehavior [ RunTime:0.000016s ]
INFO: Run Common\Behavior\InitHookBehavior [ RunTime:0.080425s ]
INFO: [ app_init ] --END-- [ RunTime:0.081297s ]
INFO: [ app_begin ] --START--
INFO: Run Behavior\ReadHtmlCacheBehavior [ RunTime:0.001083s ]
INFO: [ app_begin ] --END-- [ RunTime:0.001136s ]
SQL: SELECT `value` FROM `wp_config` WHERE ( name="FOLLOW_YOUKE_UID" ) LIMIT 1   [ RunTime:0.0967s ]
SQL: UPDATE `wp_config` SET `value`='-91455' WHERE ( name="FOLLOW_YOUKE_UID" ) [ RunTime:0.0005s ]
NOTIC: [8] Undefined index: uid /data/webroot/weixin.wodeimai.com/ThinkPHP/Library/Think/Controller.class.php 第 526 行.
SQL: SHOW COLUMNS FROM `wp_auth_group_access` [ RunTime:0.0510s ]
SQL: SELECT a.uid,a.group_id,g.title,g.rules FROM wp_auth_group_access a INNER JOIN wp_auth_group g on a.group_id=g.id  WHERE ( a.uid='-91455' and g.status='1' )  [ RunTime:0.0318s ]
SQL: SELECT `id`,`token` FROM `wp_public`  [ RunTime:0.0572s ]
NOTIC: [2] Invalid argument supplied for foreach() /data/webroot/weixin.wodeimai.com/Application/Common/Model/PublicModel.class.php 第 31 行.
NOTIC: [8] Undefined index: addon_status /data/webroot/weixin.wodeimai.com/Application/Common/Model/AddonStatusModel.class.php 第 47 行.
NOTIC: [8] Undefined index: group_id /data/webroot/weixin.wodeimai.com/Application/Common/Model/AddonStatusModel.class.php 第 50 行.
NOTIC: [8] Undefined variable: addons /data/webroot/weixin.wodeimai.com/Application/Common/Common/function.php 第 501 行.
NOTIC: [8] Undefined variable: addons /data/webroot/weixin.wodeimai.com/Application/Common/Common/function.php 第 501 行.
NOTIC: [8] Undefined variable: addons /data/webroot/weixin.wodeimai.com/Application/Common/Common/function.php 第 501 行.
NOTIC: [8] Undefined variable: addons /data/webroot/weixin.wodeimai.com/Application/Common/Common/function.php 第 501 行.
NOTIC: [8] Undefined variable: addons /data/webroot/weixin.wodeimai.com/Application/Common/Common/function.php 第 501 行.
NOTIC: [8] Undefined variable: addons /data/webroot/weixin.wodeimai.com/Application/Common/Common/function.php 第 501 行.
NOTIC: [8] Undefined variable: addons /data/webroot/weixin.wodeimai.com/Application/Common/Common/function.php 第 501 行.
NOTIC: [8] Undefined variable: addons /data/webroot/weixin.wodeimai.com/Application/Common/Common/function.php 第 501 行.
NOTIC: [8] Undefined variable: addons /data/webroot/weixin.wodeimai.com/Application/Common/Common/function.php 第 501 行.
NOTIC: [8] Undefined variable: addons /data/webroot/weixin.wodeimai.com/Application/Common/Common/function.php 第 501 行.
NOTIC: [8] Undefined variable: addons /data/webroot/weixin.wodeimai.com/Application/Common/Common/function.php 第 501 行.
NOTIC: [8] Undefined variable: addons /data/webroot/weixin.wodeimai.com/Application/Common/Common/function.php 第 501 行.
NOTIC: [8] Undefined variable: addons /data/webroot/weixin.wodeimai.com/Application/Common/Common/function.php 第 501 行.
NOTIC: [8] Undefined variable: addons /data/webroot/weixin.wodeimai.com/Application/Common/Common/function.php 第 501 行.
NOTIC: [8] Undefined variable: addons /data/webroot/weixin.wodeimai.com/Application/Common/Common/function.php 第 501 行.
NOTIC: [8] Undefined variable: addons /data/webroot/weixin.wodeimai.com/Application/Common/Common/function.php 第 501 行.
NOTIC: [8] Undefined variable: addons /data/webroot/weixin.wodeimai.com/Application/Common/Common/function.php 第 501 行.
NOTIC: [8] Undefined variable: addons /data/webroot/weixin.wodeimai.com/Application/Common/Common/function.php 第 501 行.
NOTIC: [8] Undefined variable: addons /data/webroot/weixin.wodeimai.com/Application/Common/Common/function.php 第 501 行.
NOTIC: [8] Undefined variable: addons /data/webroot/weixin.wodeimai.com/Application/Common/Common/function.php 第 501 行.
NOTIC: [8] Undefined variable: addons /data/webroot/weixin.wodeimai.com/Application/Common/Common/function.php 第 501 行.
NOTIC: [8] Undefined variable: addons /data/webroot/weixin.wodeimai.com/Application/Common/Common/function.php 第 501 行.
NOTIC: [8] Undefined variable: addons /data/webroot/weixin.wodeimai.com/Application/Common/Common/function.php 第 501 行.
NOTIC: [8] Undefined variable: addons /data/webroot/weixin.wodeimai.com/Application/Common/Common/function.php 第 501 行.
NOTIC: [8] Undefined variable: addons /data/webroot/weixin.wodeimai.com/Application/Common/Common/function.php 第 501 行.
NOTIC: [8] Undefined variable: addons /data/webroot/weixin.wodeimai.com/Application/Common/Common/function.php 第 501 行.
NOTIC: [8] Undefined variable: addons /data/webroot/weixin.wodeimai.com/Application/Common/Common/function.php 第 501 行.
NOTIC: [8] Undefined variable: addons /data/webroot/weixin.wodeimai.com/Application/Common/Common/function.php 第 501 行.
NOTIC: [8] Undefined variable: addons /data/webroot/weixin.wodeimai.com/Application/Common/Common/function.php 第 501 行.
NOTIC: [8] Undefined variable: addons /data/webroot/weixin.wodeimai.com/Application/Common/Common/function.php 第 501 行.
NOTIC: [8] Undefined variable: addons /data/webroot/weixin.wodeimai.com/Application/Common/Common/function.php 第 501 行.
NOTIC: [8] Undefined variable: addons /data/webroot/weixin.wodeimai.com/Application/Common/Common/function.php 第 501 行.
NOTIC: [8] Undefined variable: addons /data/webroot/weixin.wodeimai.com/Application/Common/Common/function.php 第 501 行.
NOTIC: [8] Undefined variable: addons /data/webroot/weixin.wodeimai.com/Application/Common/Common/function.php 第 501 行.
NOTIC: [8] Undefined variable: addons /data/webroot/weixin.wodeimai.com/Application/Common/Common/function.php 第 501 行.
NOTIC: [8] Undefined variable: addons /data/webroot/weixin.wodeimai.com/Application/Common/Common/function.php 第 501 行.
NOTIC: [8] Undefined variable: addons /data/webroot/weixin.wodeimai.com/Application/Common/Common/function.php 第 501 行.
NOTIC: [8] Undefined variable: addons /data/webroot/weixin.wodeimai.com/Application/Common/Common/function.php 第 501 行.
NOTIC: [8] Undefined variable: addons /data/webroot/weixin.wodeimai.com/Application/Common/Common/function.php 第 501 行.
NOTIC: [8] Undefined variable: addons /data/webroot/weixin.wodeimai.com/Application/Common/Common/function.php 第 501 行.
NOTIC: [8] Undefined variable: addons /data/webroot/weixin.wodeimai.com/Application/Common/Common/function.php 第 501 行.
NOTIC: [8] Undefined variable: addons /data/webroot/weixin.wodeimai.com/Application/Common/Common/function.php 第 501 行.
NOTIC: [8] Undefined variable: addons /data/webroot/weixin.wodeimai.com/Application/Common/Common/function.php 第 501 行.
NOTIC: [8] Undefined variable: addons /data/webroot/weixin.wodeimai.com/Application/Common/Common/function.php 第 501 行.
NOTIC: [8] Undefined variable: addons /data/webroot/weixin.wodeimai.com/Application/Common/Common/function.php 第 501 行.
NOTIC: [8] Undefined variable: addons /data/webroot/weixin.wodeimai.com/Application/Common/Common/function.php 第 501 行.
NOTIC: [8] Undefined variable: addons /data/webroot/weixin.wodeimai.com/Application/Common/Common/function.php 第 501 行.
SQL: SELECT * FROM `wp_manager_menu` WHERE `uid` = 0 AND `is_hide` = 0 ORDER BY sort asc, id asc  [ RunTime:0.0747s ]
SQL: SELECT * FROM `wp_manager_menu` WHERE `uid` = 1 AND `is_hide` = 0 ORDER BY sort asc, id asc  [ RunTime:0.0009s ]
NOTIC: [8] Undefined variable: addons /data/webroot/weixin.wodeimai.com/Application/Common/Common/function.php 第 501 行.
NOTIC: [8] Undefined variable: addons /data/webroot/weixin.wodeimai.com/Application/Common/Common/function.php 第 501 行.
NOTIC: [8] Undefined variable: addons /data/webroot/weixin.wodeimai.com/Application/Common/Common/function.php 第 501 行.
NOTIC: [8] Undefined variable: addons /data/webroot/weixin.wodeimai.com/Application/Common/Common/function.php 第 501 行.
NOTIC: [8] Undefined variable: addons /data/webroot/weixin.wodeimai.com/Application/Common/Common/function.php 第 501 行.
NOTIC: [8] Undefined variable: addons /data/webroot/weixin.wodeimai.com/Application/Common/Common/function.php 第 501 行.
NOTIC: [8] Undefined variable: addons /data/webroot/weixin.wodeimai.com/Application/Common/Common/function.php 第 501 行.
NOTIC: [8] Undefined variable: addons /data/webroot/weixin.wodeimai.com/Application/Common/Common/function.php 第 501 行.
NOTIC: [8] Undefined variable: addons /data/webroot/weixin.wodeimai.com/Application/Common/Common/function.php 第 501 行.
NOTIC: [8] Undefined variable: addons /data/webroot/weixin.wodeimai.com/Application/Common/Common/function.php 第 501 行.
NOTIC: [8] Undefined variable: addons /data/webroot/weixin.wodeimai.com/Application/Common/Common/function.php 第 501 行.
NOTIC: [8] Undefined variable: addons /data/webroot/weixin.wodeimai.com/Application/Common/Common/function.php 第 501 行.
NOTIC: [8] Undefined variable: addons /data/webroot/weixin.wodeimai.com/Application/Common/Common/function.php 第 501 行.
NOTIC: [8] Undefined variable: addons /data/webroot/weixin.wodeimai.com/Application/Common/Common/function.php 第 501 行.
NOTIC: [8] Undefined variable: addons /data/webroot/weixin.wodeimai.com/Application/Common/Common/function.php 第 501 行.
NOTIC: [8] Undefined variable: addons /data/webroot/weixin.wodeimai.com/Application/Common/Common/function.php 第 501 行.
NOTIC: [8] Undefined variable: addons /data/webroot/weixin.wodeimai.com/Application/Common/Common/function.php 第 501 行.
NOTIC: [8] Undefined variable: addons /data/webroot/weixin.wodeimai.com/Application/Common/Common/function.php 第 501 行.
NOTIC: [8] Undefined variable: addons /data/webroot/weixin.wodeimai.com/Application/Common/Common/function.php 第 501 行.
NOTIC: [8] Undefined variable: addons /data/webroot/weixin.wodeimai.com/Application/Common/Common/function.php 第 501 行.
NOTIC: [8] Undefined variable: addons /data/webroot/weixin.wodeimai.com/Application/Common/Common/function.php 第 501 行.
NOTIC: [8] Undefined offset: 263 /data/webroot/weixin.wodeimai.com/Application/Common/Model/ManagerMenuModel.class.php 第 106 行.
NOTIC: [8] Undefined offset: 263 /data/webroot/weixin.wodeimai.com/Application/Common/Model/ManagerMenuModel.class.php 第 116 行.
NOTIC: [8] Undefined variable: addons /data/webroot/weixin.wodeimai.com/Application/Common/Common/function.php 第 501 行.
NOTIC: [8] Undefined offset: 265 /data/webroot/weixin.wodeimai.com/Application/Common/Model/ManagerMenuModel.class.php 第 106 行.
NOTIC: [8] Undefined offset: 265 /data/webroot/weixin.wodeimai.com/Application/Common/Model/ManagerMenuModel.class.php 第 116 行.
NOTIC: [8] Undefined index: HTTP_REFERER /data/webroot/weixin.wodeimai.com/Application/Common/Model/ManagerMenuModel.class.php 第 139 行.
NOTIC: [8] Undefined index: side /data/webroot/weixin.wodeimai.com/Application/Common/Model/ManagerMenuModel.class.php 第 179 行.
NOTIC: [8] Undefined index: side /data/webroot/weixin.wodeimai.com/Application/Common/Model/ManagerMenuModel.class.php 第 179 行.
NOTIC: [8] Undefined index: side /data/webroot/weixin.wodeimai.com/Application/Common/Model/ManagerMenuModel.class.php 第 179 行.
NOTIC: [8] Undefined index: side /data/webroot/weixin.wodeimai.com/Application/Common/Model/ManagerMenuModel.class.php 第 179 行.
NOTIC: [8] Undefined index: side /data/webroot/weixin.wodeimai.com/Application/Common/Model/ManagerMenuModel.class.php 第 179 行.
NOTIC: [8] Undefined index: side /data/webroot/weixin.wodeimai.com/Application/Common/Model/ManagerMenuModel.class.php 第 179 行.
NOTIC: [8] Undefined index: side /data/webroot/weixin.wodeimai.com/Application/Common/Model/ManagerMenuModel.class.php 第 179 行.
NOTIC: [8] Undefined index: side /data/webroot/weixin.wodeimai.com/Application/Common/Model/ManagerMenuModel.class.php 第 179 行.
NOTIC: [8] Undefined index: side /data/webroot/weixin.wodeimai.com/Application/Common/Model/ManagerMenuModel.class.php 第 179 行.
NOTIC: [8] Undefined index: side /data/webroot/weixin.wodeimai.com/Application/Common/Model/ManagerMenuModel.class.php 第 179 行.
NOTIC: [8] Undefined index: side /data/webroot/weixin.wodeimai.com/Application/Common/Model/ManagerMenuModel.class.php 第 179 行.
NOTIC: [8] Undefined index: side /data/webroot/weixin.wodeimai.com/Application/Common/Model/ManagerMenuModel.class.php 第 179 行.
NOTIC: [8] Undefined index: side /data/webroot/weixin.wodeimai.com/Application/Common/Model/ManagerMenuModel.class.php 第 179 行.
NOTIC: [8] Undefined index: side /data/webroot/weixin.wodeimai.com/Application/Common/Model/ManagerMenuModel.class.php 第 179 行.
NOTIC: [8] Undefined index: side /data/webroot/weixin.wodeimai.com/Application/Common/Model/ManagerMenuModel.class.php 第 179 行.
NOTIC: [8] Undefined index: side /data/webroot/weixin.wodeimai.com/Application/Common/Model/ManagerMenuModel.class.php 第 179 行.
NOTIC: [8] Undefined index: side /data/webroot/weixin.wodeimai.com/Application/Common/Model/ManagerMenuModel.class.php 第 179 行.
NOTIC: [8] Undefined index: side /data/webroot/weixin.wodeimai.com/Application/Common/Model/ManagerMenuModel.class.php 第 179 行.
NOTIC: [8] Undefined index: side /data/webroot/weixin.wodeimai.com/Application/Common/Model/ManagerMenuModel.class.php 第 179 行.
NOTIC: [8] Undefined index: side /data/webroot/weixin.wodeimai.com/Application/Common/Model/ManagerMenuModel.class.php 第 179 行.
NOTIC: [8] Undefined index: side /data/webroot/weixin.wodeimai.com/Application/Common/Model/ManagerMenuModel.class.php 第 179 行.
NOTIC: [8] Undefined index: side /data/webroot/weixin.wodeimai.com/Application/Common/Model/ManagerMenuModel.class.php 第 179 行.
NOTIC: [8] Undefined index: side /data/webroot/weixin.wodeimai.com/Application/Common/Model/ManagerMenuModel.class.php 第 179 行.
NOTIC: [8] Undefined index: side /data/webroot/weixin.wodeimai.com/Application/Common/Model/ManagerMenuModel.class.php 第 179 行.
NOTIC: [8] Undefined index: side /data/webroot/weixin.wodeimai.com/Application/Common/Model/ManagerMenuModel.class.php 第 179 行.
NOTIC: [8] Undefined index: side /data/webroot/weixin.wodeimai.com/Application/Common/Model/ManagerMenuModel.class.php 第 179 行.
NOTIC: [8] Undefined index: side /data/webroot/weixin.wodeimai.com/Application/Common/Model/ManagerMenuModel.class.php 第 179 行.
NOTIC: [8] Undefined index: side /data/webroot/weixin.wodeimai.com/Application/Common/Model/ManagerMenuModel.class.php 第 179 行.
NOTIC: [8] Undefined index: side /data/webroot/weixin.wodeimai.com/Application/Common/Model/ManagerMenuModel.class.php 第 179 行.
NOTIC: [8] Undefined index: side /data/webroot/weixin.wodeimai.com/Application/Common/Model/ManagerMenuModel.class.php 第 179 行.
NOTIC: [8] Undefined index: side /data/webroot/weixin.wodeimai.com/Application/Common/Model/ManagerMenuModel.class.php 第 179 行.
NOTIC: [8] Undefined index: side /data/webroot/weixin.wodeimai.com/Application/Common/Model/ManagerMenuModel.class.php 第 179 行.
NOTIC: [8] Undefined index: side /data/webroot/weixin.wodeimai.com/Application/Common/Model/ManagerMenuModel.class.php 第 179 行.
NOTIC: [8] Undefined index: side /data/webroot/weixin.wodeimai.com/Application/Common/Model/ManagerMenuModel.class.php 第 179 行.
NOTIC: [8] Undefined index: side /data/webroot/weixin.wodeimai.com/Application/Common/Model/ManagerMenuModel.class.php 第 179 行.
NOTIC: [8] Undefined index: side /data/webroot/weixin.wodeimai.com/Application/Common/Model/ManagerMenuModel.class.php 第 179 行.
NOTIC: [8] Undefined index: side /data/webroot/weixin.wodeimai.com/Application/Common/Model/ManagerMenuModel.class.php 第 179 行.
NOTIC: [8] Undefined index: side /data/webroot/weixin.wodeimai.com/Application/Common/Model/ManagerMenuModel.class.php 第 179 行.
NOTIC: [8] Undefined index: side /data/webroot/weixin.wodeimai.com/Application/Common/Model/ManagerMenuModel.class.php 第 179 行.
NOTIC: [8] Undefined index: side /data/webroot/weixin.wodeimai.com/Application/Common/Model/ManagerMenuModel.class.php 第 179 行.
NOTIC: [8] Undefined index: side /data/webroot/weixin.wodeimai.com/Application/Common/Model/ManagerMenuModel.class.php 第 179 行.
NOTIC: [8] Undefined index: side /data/webroot/weixin.wodeimai.com/Application/Common/Model/ManagerMenuModel.class.php 第 179 行.
NOTIC: [8] Undefined index: side /data/webroot/weixin.wodeimai.com/Application/Common/Model/ManagerMenuModel.class.php 第 179 行.
NOTIC: [8] Undefined index: side /data/webroot/weixin.wodeimai.com/Application/Common/Model/ManagerMenuModel.class.php 第 179 行.
NOTIC: [8] Undefined index: side /data/webroot/weixin.wodeimai.com/Application/Common/Model/ManagerMenuModel.class.php 第 179 行.
NOTIC: [8] Undefined offset: 263 /data/webroot/weixin.wodeimai.com/Application/Common/Model/ManagerMenuModel.class.php 第 185 行.
SQL: SELECT * FROM `wp_public_link` WHERE `uid` = 0  [ RunTime:0.0281s ]
NOTIC: [2] Invalid argument supplied for foreach() /data/webroot/weixin.wodeimai.com/Application/Common/Model/PublicModel.class.php 第 48 行.
NOTIC: [8] Undefined variable: res /data/webroot/weixin.wodeimai.com/Application/Common/Model/PublicModel.class.php 第 52 行.

[ 2017-05-30T22:22:28+08:00 ] 220.181.108.160 /index.php?s=/Home/User/login/from/1.html
INFO: [ app_init ] --START--
INFO: Run Behavior\BuildLiteBehavior [ RunTime:0.000014s ]
INFO: Run Common\Behavior\InitHookBehavior [ RunTime:0.001377s ]
INFO: [ app_init ] --END-- [ RunTime:0.001799s ]
INFO: [ app_begin ] --START--
INFO: Run Behavior\ReadHtmlCacheBehavior [ RunTime:0.001238s ]
INFO: [ app_begin ] --END-- [ RunTime:0.001290s ]
NOTIC: [8] Undefined index: uid /data/webroot/weixin.wodeimai.com/ThinkPHP/Library/Think/Controller.class.php 第 526 行.
SQL: SHOW COLUMNS FROM `wp_auth_group_access` [ RunTime:0.0009s ]
SQL: SELECT a.uid,a.group_id,g.title,g.rules FROM wp_auth_group_access a INNER JOIN wp_auth_group g on a.group_id=g.id  WHERE ( a.uid='-91455' and g.status='1' )  [ RunTime:0.0003s ]
SQL: SELECT `id`,`token` FROM `wp_public`  [ RunTime:0.0003s ]
NOTIC: [2] Invalid argument supplied for foreach() /data/webroot/weixin.wodeimai.com/Application/Common/Model/PublicModel.class.php 第 31 行.
NOTIC: [8] Undefined index: addon_status /data/webroot/weixin.wodeimai.com/Application/Common/Model/AddonStatusModel.class.php 第 47 行.
NOTIC: [8] Undefined index: group_id /data/webroot/weixin.wodeimai.com/Application/Common/Model/AddonStatusModel.class.php 第 50 行.
NOTIC: [8] Undefined variable: addons /data/webroot/weixin.wodeimai.com/Application/Common/Common/function.php 第 501 行.
NOTIC: [8] Undefined variable: addons /data/webroot/weixin.wodeimai.com/Application/Common/Common/function.php 第 501 行.
NOTIC: [8] Undefined variable: addons /data/webroot/weixin.wodeimai.com/Application/Common/Common/function.php 第 501 行.
NOTIC: [8] Undefined variable: addons /data/webroot/weixin.wodeimai.com/Application/Common/Common/function.php 第 501 行.
NOTIC: [8] Undefined variable: addons /data/webroot/weixin.wodeimai.com/Application/Common/Common/function.php 第 501 行.
NOTIC: [8] Undefined variable: addons /data/webroot/weixin.wodeimai.com/Application/Common/Common/function.php 第 501 行.
NOTIC: [8] Undefined variable: addons /data/webroot/weixin.wodeimai.com/Application/Common/Common/function.php 第 501 行.
NOTIC: [8] Undefined variable: addons /data/webroot/weixin.wodeimai.com/Application/Common/Common/function.php 第 501 行.
NOTIC: [8] Undefined variable: addons /data/webroot/weixin.wodeimai.com/Application/Common/Common/function.php 第 501 行.
NOTIC: [8] Undefined variable: addons /data/webroot/weixin.wodeimai.com/Application/Common/Common/function.php 第 501 行.
NOTIC: [8] Undefined variable: addons /data/webroot/weixin.wodeimai.com/Application/Common/Common/function.php 第 501 行.
NOTIC: [8] Undefined variable: addons /data/webroot/weixin.wodeimai.com/Application/Common/Common/function.php 第 501 行.
NOTIC: [8] Undefined variable: addons /data/webroot/weixin.wodeimai.com/Application/Common/Common/function.php 第 501 行.
NOTIC: [8] Undefined variable: addons /data/webroot/weixin.wodeimai.com/Application/Common/Common/function.php 第 501 行.
NOTIC: [8] Undefined variable: addons /data/webroot/weixin.wodeimai.com/Application/Common/Common/function.php 第 501 行.
NOTIC: [8] Undefined variable: addons /data/webroot/weixin.wodeimai.com/Application/Common/Common/function.php 第 501 行.
NOTIC: [8] Undefined variable: addons /data/webroot/weixin.wodeimai.com/Application/Common/Common/function.php 第 501 行.
NOTIC: [8] Undefined variable: addons /data/webroot/weixin.wodeimai.com/Application/Common/Common/function.php 第 501 行.
NOTIC: [8] Undefined variable: addons /data/webroot/weixin.wodeimai.com/Application/Common/Common/function.php 第 501 行.
NOTIC: [8] Undefined variable: addons /data/webroot/weixin.wodeimai.com/Application/Common/Common/function.php 第 501 行.
NOTIC: [8] Undefined variable: addons /data/webroot/weixin.wodeimai.com/Application/Common/Common/function.php 第 501 行.
NOTIC: [8] Undefined variable: addons /data/webroot/weixin.wodeimai.com/Application/Common/Common/function.php 第 501 行.
NOTIC: [8] Undefined variable: addons /data/webroot/weixin.wodeimai.com/Application/Common/Common/function.php 第 501 行.
NOTIC: [8] Undefined variable: addons /data/webroot/weixin.wodeimai.com/Application/Common/Common/function.php 第 501 行.
NOTIC: [8] Undefined variable: addons /data/webroot/weixin.wodeimai.com/Application/Common/Common/function.php 第 501 行.
NOTIC: [8] Undefined variable: addons /data/webroot/weixin.wodeimai.com/Application/Common/Common/function.php 第 501 行.
NOTIC: [8] Undefined variable: addons /data/webroot/weixin.wodeimai.com/Application/Common/Common/function.php 第 501 行.
NOTIC: [8] Undefined variable: addons /data/webroot/weixin.wodeimai.com/Application/Common/Common/function.php 第 501 行.
NOTIC: [8] Undefined variable: addons /data/webroot/weixin.wodeimai.com/Application/Common/Common/function.php 第 501 行.
NOTIC: [8] Undefined variable: addons /data/webroot/weixin.wodeimai.com/Application/Common/Common/function.php 第 501 行.
NOTIC: [8] Undefined variable: addons /data/webroot/weixin.wodeimai.com/Application/Common/Common/function.php 第 501 行.
NOTIC: [8] Undefined variable: addons /data/webroot/weixin.wodeimai.com/Application/Common/Common/function.php 第 501 行.
NOTIC: [8] Undefined variable: addons /data/webroot/weixin.wodeimai.com/Application/Common/Common/function.php 第 501 行.
NOTIC: [8] Undefined variable: addons /data/webroot/weixin.wodeimai.com/Application/Common/Common/function.php 第 501 行.
NOTIC: [8] Undefined variable: addons /data/webroot/weixin.wodeimai.com/Application/Common/Common/function.php 第 501 行.
NOTIC: [8] Undefined variable: addons /data/webroot/weixin.wodeimai.com/Application/Common/Common/function.php 第 501 行.
NOTIC: [8] Undefined variable: addons /data/webroot/weixin.wodeimai.com/Application/Common/Common/function.php 第 501 行.
NOTIC: [8] Undefined variable: addons /data/webroot/weixin.wodeimai.com/Application/Common/Common/function.php 第 501 行.
NOTIC: [8] Undefined variable: addons /data/webroot/weixin.wodeimai.com/Application/Common/Common/function.php 第 501 行.
NOTIC: [8] Undefined variable: addons /data/webroot/weixin.wodeimai.com/Application/Common/Common/function.php 第 501 行.
NOTIC: [8] Undefined variable: addons /data/webroot/weixin.wodeimai.com/Application/Common/Common/function.php 第 501 行.
NOTIC: [8] Undefined variable: addons /data/webroot/weixin.wodeimai.com/Application/Common/Common/function.php 第 501 行.
NOTIC: [8] Undefined variable: addons /data/webroot/weixin.wodeimai.com/Application/Common/Common/function.php 第 501 行.
NOTIC: [8] Undefined variable: addons /data/webroot/weixin.wodeimai.com/Application/Common/Common/function.php 第 501 行.
NOTIC: [8] Undefined variable: addons /data/webroot/weixin.wodeimai.com/Application/Common/Common/function.php 第 501 行.
NOTIC: [8] Undefined variable: addons /data/webroot/weixin.wodeimai.com/Application/Common/Common/function.php 第 501 行.
NOTIC: [8] Undefined variable: addons /data/webroot/weixin.wodeimai.com/Application/Common/Common/function.php 第 501 行.
SQL: SELECT * FROM `wp_manager_menu` WHERE `uid` = -91455 AND `is_hide` = 0 ORDER BY sort asc, id asc  [ RunTime:0.0005s ]
SQL: SELECT * FROM `wp_manager_menu` WHERE `uid` = 1 AND `is_hide` = 0 ORDER BY sort asc, id asc  [ RunTime:0.0008s ]
NOTIC: [8] Undefined variable: addons /data/webroot/weixin.wodeimai.com/Application/Common/Common/function.php 第 501 行.
NOTIC: [8] Undefined variable: addons /data/webroot/weixin.wodeimai.com/Application/Common/Common/function.php 第 501 行.
NOTIC: [8] Undefined variable: addons /data/webroot/weixin.wodeimai.com/Application/Common/Common/function.php 第 501 行.
NOTIC: [8] Undefined variable: addons /data/webroot/weixin.wodeimai.com/Application/Common/Common/function.php 第 501 行.
NOTIC: [8] Undefined variable: addons /data/webroot/weixin.wodeimai.com/Application/Common/Common/function.php 第 501 行.
NOTIC: [8] Undefined variable: addons /data/webroot/weixin.wodeimai.com/Application/Common/Common/function.php 第 501 行.
NOTIC: [8] Undefined variable: addons /data/webroot/weixin.wodeimai.com/Application/Common/Common/function.php 第 501 行.
NOTIC: [8] Undefined variable: addons /data/webroot/weixin.wodeimai.com/Application/Common/Common/function.php 第 501 行.
NOTIC: [8] Undefined variable: addons /data/webroot/weixin.wodeimai.com/Application/Common/Common/function.php 第 501 行.
NOTIC: [8] Undefined variable: addons /data/webroot/weixin.wodeimai.com/Application/Common/Common/function.php 第 501 行.
NOTIC: [8] Undefined variable: addons /data/webroot/weixin.wodeimai.com/Application/Common/Common/function.php 第 501 行.
NOTIC: [8] Undefined variable: addons /data/webroot/weixin.wodeimai.com/Application/Common/Common/function.php 第 501 行.
NOTIC: [8] Undefined variable: addons /data/webroot/weixin.wodeimai.com/Application/Common/Common/function.php 第 501 行.
NOTIC: [8] Undefined variable: addons /data/webroot/weixin.wodeimai.com/Application/Common/Common/function.php 第 501 行.
NOTIC: [8] Undefined variable: addons /data/webroot/weixin.wodeimai.com/Application/Common/Common/function.php 第 501 行.
NOTIC: [8] Undefined variable: addons /data/webroot/weixin.wodeimai.com/Application/Common/Common/function.php 第 501 行.
NOTIC: [8] Undefined variable: addons /data/webroot/weixin.wodeimai.com/Application/Common/Common/function.php 第 501 行.
NOTIC: [8] Undefined variable: addons /data/webroot/weixin.wodeimai.com/Application/Common/Common/function.php 第 501 行.
NOTIC: [8] Undefined variable: addons /data/webroot/weixin.wodeimai.com/Application/Common/Common/function.php 第 501 行.
NOTIC: [8] Undefined variable: addons /data/webroot/weixin.wodeimai.com/Application/Common/Common/function.php 第 501 行.
NOTIC: [8] Undefined variable: addons /data/webroot/weixin.wodeimai.com/Application/Common/Common/function.php 第 501 行.
NOTIC: [8] Undefined offset: 263 /data/webroot/weixin.wodeimai.com/Application/Common/Model/ManagerMenuModel.class.php 第 106 行.
NOTIC: [8] Undefined offset: 263 /data/webroot/weixin.wodeimai.com/Application/Common/Model/ManagerMenuModel.class.php 第 116 行.
NOTIC: [8] Undefined variable: addons /data/webroot/weixin.wodeimai.com/Application/Common/Common/function.php 第 501 行.
NOTIC: [8] Undefined offset: 265 /data/webroot/weixin.wodeimai.com/Application/Common/Model/ManagerMenuModel.class.php 第 106 行.
NOTIC: [8] Undefined offset: 265 /data/webroot/weixin.wodeimai.com/Application/Common/Model/ManagerMenuModel.class.php 第 116 行.
NOTIC: [8] Undefined index: HTTP_REFERER /data/webroot/weixin.wodeimai.com/Application/Common/Model/ManagerMenuModel.class.php 第 139 行.
NOTIC: [8] Undefined index: side /data/webroot/weixin.wodeimai.com/Application/Common/Model/ManagerMenuModel.class.php 第 179 行.
NOTIC: [8] Undefined index: side /data/webroot/weixin.wodeimai.com/Application/Common/Model/ManagerMenuModel.class.php 第 179 行.
NOTIC: [8] Undefined index: side /data/webroot/weixin.wodeimai.com/Application/Common/Model/ManagerMenuModel.class.php 第 179 行.
NOTIC: [8] Undefined index: side /data/webroot/weixin.wodeimai.com/Application/Common/Model/ManagerMenuModel.class.php 第 179 行.
NOTIC: [8] Undefined index: side /data/webroot/weixin.wodeimai.com/Application/Common/Model/ManagerMenuModel.class.php 第 179 行.
NOTIC: [8] Undefined index: side /data/webroot/weixin.wodeimai.com/Application/Common/Model/ManagerMenuModel.class.php 第 179 行.
NOTIC: [8] Undefined index: side /data/webroot/weixin.wodeimai.com/Application/Common/Model/ManagerMenuModel.class.php 第 179 行.
NOTIC: [8] Undefined index: side /data/webroot/weixin.wodeimai.com/Application/Common/Model/ManagerMenuModel.class.php 第 179 行.
NOTIC: [8] Undefined index: side /data/webroot/weixin.wodeimai.com/Application/Common/Model/ManagerMenuModel.class.php 第 179 行.
NOTIC: [8] Undefined index: side /data/webroot/weixin.wodeimai.com/Application/Common/Model/ManagerMenuModel.class.php 第 179 行.
NOTIC: [8] Undefined index: side /data/webroot/weixin.wodeimai.com/Application/Common/Model/ManagerMenuModel.class.php 第 179 行.
NOTIC: [8] Undefined index: side /data/webroot/weixin.wodeimai.com/Application/Common/Model/ManagerMenuModel.class.php 第 179 行.
NOTIC: [8] Undefined index: side /data/webroot/weixin.wodeimai.com/Application/Common/Model/ManagerMenuModel.class.php 第 179 行.
NOTIC: [8] Undefined index: side /data/webroot/weixin.wodeimai.com/Application/Common/Model/ManagerMenuModel.class.php 第 179 行.
NOTIC: [8] Undefined index: side /data/webroot/weixin.wodeimai.com/Application/Common/Model/ManagerMenuModel.class.php 第 179 行.
NOTIC: [8] Undefined index: side /data/webroot/weixin.wodeimai.com/Application/Common/Model/ManagerMenuModel.class.php 第 179 行.
NOTIC: [8] Undefined index: side /data/webroot/weixin.wodeimai.com/Application/Common/Model/ManagerMenuModel.class.php 第 179 行.
NOTIC: [8] Undefined index: side /data/webroot/weixin.wodeimai.com/Application/Common/Model/ManagerMenuModel.class.php 第 179 行.
NOTIC: [8] Undefined index: side /data/webroot/weixin.wodeimai.com/Application/Common/Model/ManagerMenuModel.class.php 第 179 行.
NOTIC: [8] Undefined index: side /data/webroot/weixin.wodeimai.com/Application/Common/Model/ManagerMenuModel.class.php 第 179 行.
NOTIC: [8] Undefined index: side /data/webroot/weixin.wodeimai.com/Application/Common/Model/ManagerMenuModel.class.php 第 179 行.
NOTIC: [8] Undefined index: side /data/webroot/weixin.wodeimai.com/Application/Common/Model/ManagerMenuModel.class.php 第 179 行.
NOTIC: [8] Undefined index: side /data/webroot/weixin.wodeimai.com/Application/Common/Model/ManagerMenuModel.class.php 第 179 行.
NOTIC: [8] Undefined index: side /data/webroot/weixin.wodeimai.com/Application/Common/Model/ManagerMenuModel.class.php 第 179 行.
NOTIC: [8] Undefined index: side /data/webroot/weixin.wodeimai.com/Application/Common/Model/ManagerMenuModel.class.php 第 179 行.
NOTIC: [8] Undefined index: side /data/webroot/weixin.wodeimai.com/Application/Common/Model/ManagerMenuModel.class.php 第 179 行.
NOTIC: [8] Undefined index: side /data/webroot/weixin.wodeimai.com/Application/Common/Model/ManagerMenuModel.class.php 第 179 行.
NOTIC: [8] Undefined index: side /data/webroot/weixin.wodeimai.com/Application/Common/Model/ManagerMenuModel.class.php 第 179 行.
NOTIC: [8] Undefined index: side /data/webroot/weixin.wodeimai.com/Application/Common/Model/ManagerMenuModel.class.php 第 179 行.
NOTIC: [8] Undefined index: side /data/webroot/weixin.wodeimai.com/Application/Common/Model/ManagerMenuModel.class.php 第 179 行.
NOTIC: [8] Undefined index: side /data/webroot/weixin.wodeimai.com/Application/Common/Model/ManagerMenuModel.class.php 第 179 行.
NOTIC: [8] Undefined index: side /data/webroot/weixin.wodeimai.com/Application/Common/Model/ManagerMenuModel.class.php 第 179 行.
NOTIC: [8] Undefined index: side /data/webroot/weixin.wodeimai.com/Application/Common/Model/ManagerMenuModel.class.php 第 179 行.
NOTIC: [8] Undefined index: side /data/webroot/weixin.wodeimai.com/Application/Common/Model/ManagerMenuModel.class.php 第 179 行.
NOTIC: [8] Undefined index: side /data/webroot/weixin.wodeimai.com/Application/Common/Model/ManagerMenuModel.class.php 第 179 行.
NOTIC: [8] Undefined index: side /data/webroot/weixin.wodeimai.com/Application/Common/Model/ManagerMenuModel.class.php 第 179 行.
NOTIC: [8] Undefined index: side /data/webroot/weixin.wodeimai.com/Application/Common/Model/ManagerMenuModel.class.php 第 179 行.
NOTIC: [8] Undefined index: side /data/webroot/weixin.wodeimai.com/Application/Common/Model/ManagerMenuModel.class.php 第 179 行.
NOTIC: [8] Undefined index: side /data/webroot/weixin.wodeimai.com/Application/Common/Model/ManagerMenuModel.class.php 第 179 行.
NOTIC: [8] Undefined index: side /data/webroot/weixin.wodeimai.com/Application/Common/Model/ManagerMenuModel.class.php 第 179 行.
NOTIC: [8] Undefined index: side /data/webroot/weixin.wodeimai.com/Application/Common/Model/ManagerMenuModel.class.php 第 179 行.
NOTIC: [8] Undefined index: side /data/webroot/weixin.wodeimai.com/Application/Common/Model/ManagerMenuModel.class.php 第 179 行.
NOTIC: [8] Undefined index: side /data/webroot/weixin.wodeimai.com/Application/Common/Model/ManagerMenuModel.class.php 第 179 行.
NOTIC: [8] Undefined index: side /data/webroot/weixin.wodeimai.com/Application/Common/Model/ManagerMenuModel.class.php 第 179 行.
NOTIC: [8] Undefined index: side /data/webroot/weixin.wodeimai.com/Application/Common/Model/ManagerMenuModel.class.php 第 179 行.
NOTIC: [8] Undefined offset: 263 /data/webroot/weixin.wodeimai.com/Application/Common/Model/ManagerMenuModel.class.php 第 185 行.
SQL: SELECT * FROM `wp_public_link` WHERE `uid` = -91455  [ RunTime:0.0003s ]
NOTIC: [2] Invalid argument supplied for foreach() /data/webroot/weixin.wodeimai.com/Application/Common/Model/PublicModel.class.php 第 48 行.
NOTIC: [8] Undefined variable: res /data/webroot/weixin.wodeimai.com/Application/Common/Model/PublicModel.class.php 第 52 行.
SQL: SELECT `id`,`qr_code`,`addon`,`aim_id`,`cTime`,`token`,`action_name`,`extra_text`,`extra_int`,`request_count`,`scene_id`,`expire_seconds` FROM `wp_qr_code` WHERE `addon` = 'ScanLogin' AND `extra_text` = '592d8023e2948' LIMIT 1   [ RunTime:0.0373s ]
SQL: SELECT `id`,`token` FROM `wp_public`  [ RunTime:0.0003s ]
NOTIC: [2] Invalid argument supplied for foreach() /data/webroot/weixin.wodeimai.com/Application/Common/Model/PublicModel.class.php 第 31 行.
NOTIC: [8] Undefined index: appid /data/webroot/weixin.wodeimai.com/Application/Home/Model/QrCodeModel.class.php 第 28 行.
NOTIC: [8] Undefined index: secret /data/webroot/weixin.wodeimai.com/Application/Home/Model/QrCodeModel.class.php 第 29 行.
SQL: SELECT `id`,`token` FROM `wp_public`  [ RunTime:0.0003s ]
NOTIC: [2] Invalid argument supplied for foreach() /data/webroot/weixin.wodeimai.com/Application/Common/Model/PublicModel.class.php 第 31 行.
NOTIC: [8] Undefined index: is_bind /data/webroot/weixin.wodeimai.com/Application/Common/Common/function.php 第 1566 行.
NOTIC: [8] Undefined index: appid /data/webroot/weixin.wodeimai.com/Application/Common/Common/function.php 第 1569 行.
NOTIC: [8] Undefined index: secret /data/webroot/weixin.wodeimai.com/Application/Common/Common/function.php 第 1569 行.
SQL: SELECT `id`,`token` FROM `wp_public`  [ RunTime:0.0004s ]
NOTIC: [2] Invalid argument supplied for foreach() /data/webroot/weixin.wodeimai.com/Application/Common/Model/PublicModel.class.php 第 31 行.
NOTIC: [8] Undefined index: is_bind /data/webroot/weixin.wodeimai.com/Application/Common/Common/function.php 第 1566 行.
NOTIC: [8] Undefined index: appid /data/webroot/weixin.wodeimai.com/Application/Common/Common/function.php 第 1569 行.
NOTIC: [8] Undefined index: secret /data/webroot/weixin.wodeimai.com/Application/Common/Common/function.php 第 1569 行.
INFO: [ view_parse ] --START--
INFO: [ template_filter ] --START--
INFO: Run Behavior\ContentReplaceBehavior [ RunTime:0.000179s ]
INFO: [ template_filter ] --END-- [ RunTime:0.000264s ]
INFO: Run Behavior\ParseTemplateBehavior [ RunTime:0.042772s ]
INFO: [ view_parse ] --END-- [ RunTime:0.042838s ]
INFO: [ view_filter ] --START--
INFO: Run Behavior\WriteHtmlCacheBehavior [ RunTime:0.000617s ]
INFO: [ view_filter ] --END-- [ RunTime:0.000667s ]
INFO: [ app_end ] --START--
INFO: Run Behavior\ShowPageTraceBehavior [ RunTime:0.000949s ]
INFO: Run Behavior\CronRunBehavior [ RunTime:0.001395s ]
INFO: [ app_end ] --END-- [ RunTime:0.002435s ]

