[ 2017-08-12T15:31:29+08:00 ] 176.193.166.110 /index.php?s=/addon/Shop/Shop/edit.html&mdm=266|365
INFO: [ app_init ] --START--
INFO: Run Behavior\BuildLiteBehavior [ RunTime:0.000024s ]
INFO: Run Common\Behavior\InitHookBehavior [ RunTime:0.273157s ]
INFO: [ app_init ] --END-- [ RunTime:0.273972s ]
INFO: [ app_begin ] --START--
INFO: Run Behavior\ReadHtmlCacheBehavior [ RunTime:0.000994s ]
INFO: [ app_begin ] --END-- [ RunTime:0.001047s ]
NOTIC: [2048] Declaration of Addons\Shop\Controller\ShopController::lists() should be compatible with Home\Controller\AddonsController::lists($model = NULL, $page = 0) /data/webroot/weixin.wodeimai.com/Addons/Shop/Controller/ShopController.class.php 第 7 行.
NOTIC: [2048] Declaration of Addons\Shop\Controller\ShopController::edit() should be compatible with Home\Controller\AddonsController::edit($model = NULL, $id = 0) /data/webroot/weixin.wodeimai.com/Addons/Shop/Controller/ShopController.class.php 第 7 行.
NOTIC: [2048] Declaration of Addons\Shop\Controller\ShopController::add() should be compatible with Home\Controller\AddonsController::add($model = NULL) /data/webroot/weixin.wodeimai.com/Addons/Shop/Controller/ShopController.class.php 第 7 行.
SQL: SELECT `value` FROM `wp_config` WHERE ( name="FOLLOW_YOUKE_UID" ) LIMIT 1   [ RunTime:0.0234s ]
SQL: UPDATE `wp_config` SET `value`='-91502' WHERE ( name="FOLLOW_YOUKE_UID" ) [ RunTime:0.1153s ]
NOTIC: [8] Undefined index: uid /data/webroot/weixin.wodeimai.com/ThinkPHP/Library/Think/Controller.class.php 第 526 行.
SQL: SHOW COLUMNS FROM `wp_auth_group_access` [ RunTime:0.0010s ]
SQL: SELECT a.uid,a.group_id,g.title,g.rules FROM wp_auth_group_access a INNER JOIN wp_auth_group g on a.group_id=g.id  WHERE ( a.uid='-91502' and g.status='1' )  [ RunTime:0.0003s ]
SQL: SELECT `id`,`token` FROM `wp_public`  [ RunTime:0.0129s ]
NOTIC: [8] Undefined offset: -1 /data/webroot/weixin.wodeimai.com/Application/Common/Model/PublicModel.class.php 第 38 行.
NOTIC: [8] Undefined index: addon_status /data/webroot/weixin.wodeimai.com/Application/Common/Model/AddonStatusModel.class.php 第 47 行.
NOTIC: [8] Undefined index: group_id /data/webroot/weixin.wodeimai.com/Application/Common/Model/AddonStatusModel.class.php 第 50 行.
NOTIC: [8] Undefined variable: addons /data/webroot/weixin.wodeimai.com/Application/Common/Common/function.php 第 501 行.
NOTIC: [8] Undefined variable: addons /data/webroot/weixin.wodeimai.com/Application/Common/Common/function.php 第 501 行.
NOTIC: [8] Undefined variable: addons /data/webroot/weixin.wodeimai.com/Application/Common/Common/function.php 第 501 行.
NOTIC: [8] Undefined variable: addons /data/webroot/weixin.wodeimai.com/Application/Common/Common/function.php 第 501 行.
NOTIC: [8] Undefined variable: addons /data/webroot/weixin.wodeimai.com/Application/Common/Common/function.php 第 501 行.
NOTIC: [8] Undefined variable: addons /data/webroot/weixin.wodeimai.com/Application/Common/Common/function.php 第 501 行.
NOTIC: [8] Undefined variable: addons /data/webroot/weixin.wodeimai.com/Application/Common/Common/function.php 第 501 行.
NOTIC: [8] Undefined variable: addons /data/webroot/weixin.wodeimai.com/Application/Common/Common/function.php 第 501 行.
NOTIC: [8] Undefined variable: addons /data/webroot/weixin.wodeimai.com/Application/Common/Common/function.php 第 501 行.
NOTIC: [8] Undefined variable: addons /data/webroot/weixin.wodeimai.com/Application/Common/Common/function.php 第 501 行.
NOTIC: [8] Undefined variable: addons /data/webroot/weixin.wodeimai.com/Application/Common/Common/function.php 第 501 行.
NOTIC: [8] Undefined variable: addons /data/webroot/weixin.wodeimai.com/Application/Common/Common/function.php 第 501 行.
NOTIC: [8] Undefined variable: addons /data/webroot/weixin.wodeimai.com/Application/Common/Common/function.php 第 501 行.
NOTIC: [8] Undefined variable: addons /data/webroot/weixin.wodeimai.com/Application/Common/Common/function.php 第 501 行.
NOTIC: [8] Undefined variable: addons /data/webroot/weixin.wodeimai.com/Application/Common/Common/function.php 第 501 行.
NOTIC: [8] Undefined variable: addons /data/webroot/weixin.wodeimai.com/Application/Common/Common/function.php 第 501 行.
NOTIC: [8] Undefined variable: addons /data/webroot/weixin.wodeimai.com/Application/Common/Common/function.php 第 501 行.
NOTIC: [8] Undefined variable: addons /data/webroot/weixin.wodeimai.com/Application/Common/Common/function.php 第 501 行.
NOTIC: [8] Undefined variable: addons /data/webroot/weixin.wodeimai.com/Application/Common/Common/function.php 第 501 行.
NOTIC: [8] Undefined variable: addons /data/webroot/weixin.wodeimai.com/Application/Common/Common/function.php 第 501 行.
NOTIC: [8] Undefined variable: addons /data/webroot/weixin.wodeimai.com/Application/Common/Common/function.php 第 501 行.
NOTIC: [8] Undefined variable: addons /data/webroot/weixin.wodeimai.com/Application/Common/Common/function.php 第 501 行.
NOTIC: [8] Undefined variable: addons /data/webroot/weixin.wodeimai.com/Application/Common/Common/function.php 第 501 行.
NOTIC: [8] Undefined variable: addons /data/webroot/weixin.wodeimai.com/Application/Common/Common/function.php 第 501 行.
NOTIC: [8] Undefined variable: addons /data/webroot/weixin.wodeimai.com/Application/Common/Common/function.php 第 501 行.
NOTIC: [8] Undefined variable: addons /data/webroot/weixin.wodeimai.com/Application/Common/Common/function.php 第 501 行.
NOTIC: [8] Undefined variable: addons /data/webroot/weixin.wodeimai.com/Application/Common/Common/function.php 第 501 行.
NOTIC: [8] Undefined variable: addons /data/webroot/weixin.wodeimai.com/Application/Common/Common/function.php 第 501 行.
NOTIC: [8] Undefined variable: addons /data/webroot/weixin.wodeimai.com/Application/Common/Common/function.php 第 501 行.
NOTIC: [8] Undefined variable: addons /data/webroot/weixin.wodeimai.com/Application/Common/Common/function.php 第 501 行.
NOTIC: [8] Undefined variable: addons /data/webroot/weixin.wodeimai.com/Application/Common/Common/function.php 第 501 行.
NOTIC: [8] Undefined variable: addons /data/webroot/weixin.wodeimai.com/Application/Common/Common/function.php 第 501 行.
NOTIC: [8] Undefined variable: addons /data/webroot/weixin.wodeimai.com/Application/Common/Common/function.php 第 501 行.
NOTIC: [8] Undefined variable: addons /data/webroot/weixin.wodeimai.com/Application/Common/Common/function.php 第 501 行.
NOTIC: [8] Undefined variable: addons /data/webroot/weixin.wodeimai.com/Application/Common/Common/function.php 第 501 行.
NOTIC: [8] Undefined variable: addons /data/webroot/weixin.wodeimai.com/Application/Common/Common/function.php 第 501 行.
NOTIC: [8] Undefined variable: addons /data/webroot/weixin.wodeimai.com/Application/Common/Common/function.php 第 501 行.
NOTIC: [8] Undefined variable: addons /data/webroot/weixin.wodeimai.com/Application/Common/Common/function.php 第 501 行.
NOTIC: [8] Undefined variable: addons /data/webroot/weixin.wodeimai.com/Application/Common/Common/function.php 第 501 行.
NOTIC: [8] Undefined variable: addons /data/webroot/weixin.wodeimai.com/Application/Common/Common/function.php 第 501 行.
NOTIC: [8] Undefined variable: addons /data/webroot/weixin.wodeimai.com/Application/Common/Common/function.php 第 501 行.
NOTIC: [8] Undefined variable: addons /data/webroot/weixin.wodeimai.com/Application/Common/Common/function.php 第 501 行.
NOTIC: [8] Undefined variable: addons /data/webroot/weixin.wodeimai.com/Application/Common/Common/function.php 第 501 行.
NOTIC: [8] Undefined variable: addons /data/webroot/weixin.wodeimai.com/Application/Common/Common/function.php 第 501 行.
NOTIC: [8] Undefined variable: addons /data/webroot/weixin.wodeimai.com/Application/Common/Common/function.php 第 501 行.
NOTIC: [8] Undefined variable: addons /data/webroot/weixin.wodeimai.com/Application/Common/Common/function.php 第 501 行.
NOTIC: [8] Undefined variable: addons /data/webroot/weixin.wodeimai.com/Application/Common/Common/function.php 第 501 行.
SQL: SELECT * FROM `wp_manager_menu` WHERE `uid` = 0 AND `is_hide` = 0 ORDER BY sort asc, id asc  [ RunTime:0.0249s ]
SQL: SELECT * FROM `wp_manager_menu` WHERE `uid` = 1 AND `is_hide` = 0 ORDER BY sort asc, id asc  [ RunTime:0.0008s ]
NOTIC: [8] Undefined variable: addons /data/webroot/weixin.wodeimai.com/Application/Common/Common/function.php 第 501 行.
NOTIC: [8] Undefined variable: addons /data/webroot/weixin.wodeimai.com/Application/Common/Common/function.php 第 501 行.
NOTIC: [8] Undefined variable: addons /data/webroot/weixin.wodeimai.com/Application/Common/Common/function.php 第 501 行.
NOTIC: [8] Undefined variable: addons /data/webroot/weixin.wodeimai.com/Application/Common/Common/function.php 第 501 行.
NOTIC: [8] Undefined variable: addons /data/webroot/weixin.wodeimai.com/Application/Common/Common/function.php 第 501 行.
NOTIC: [8] Undefined variable: addons /data/webroot/weixin.wodeimai.com/Application/Common/Common/function.php 第 501 行.
NOTIC: [8] Undefined variable: addons /data/webroot/weixin.wodeimai.com/Application/Common/Common/function.php 第 501 行.
NOTIC: [8] Undefined variable: addons /data/webroot/weixin.wodeimai.com/Application/Common/Common/function.php 第 501 行.
NOTIC: [8] Undefined variable: addons /data/webroot/weixin.wodeimai.com/Application/Common/Common/function.php 第 501 行.
NOTIC: [8] Undefined variable: addons /data/webroot/weixin.wodeimai.com/Application/Common/Common/function.php 第 501 行.
NOTIC: [8] Undefined variable: addons /data/webroot/weixin.wodeimai.com/Application/Common/Common/function.php 第 501 行.
NOTIC: [8] Undefined variable: addons /data/webroot/weixin.wodeimai.com/Application/Common/Common/function.php 第 501 行.
NOTIC: [8] Undefined variable: addons /data/webroot/weixin.wodeimai.com/Application/Common/Common/function.php 第 501 行.
NOTIC: [8] Undefined variable: addons /data/webroot/weixin.wodeimai.com/Application/Common/Common/function.php 第 501 行.
NOTIC: [8] Undefined variable: addons /data/webroot/weixin.wodeimai.com/Application/Common/Common/function.php 第 501 行.
NOTIC: [8] Undefined variable: addons /data/webroot/weixin.wodeimai.com/Application/Common/Common/function.php 第 501 行.
NOTIC: [8] Undefined variable: addons /data/webroot/weixin.wodeimai.com/Application/Common/Common/function.php 第 501 行.
NOTIC: [8] Undefined variable: addons /data/webroot/weixin.wodeimai.com/Application/Common/Common/function.php 第 501 行.
NOTIC: [8] Undefined variable: addons /data/webroot/weixin.wodeimai.com/Application/Common/Common/function.php 第 501 行.
NOTIC: [8] Undefined variable: addons /data/webroot/weixin.wodeimai.com/Application/Common/Common/function.php 第 501 行.
NOTIC: [8] Undefined variable: addons /data/webroot/weixin.wodeimai.com/Application/Common/Common/function.php 第 501 行.
NOTIC: [8] Undefined offset: 263 /data/webroot/weixin.wodeimai.com/Application/Common/Model/ManagerMenuModel.class.php 第 106 行.
NOTIC: [8] Undefined offset: 263 /data/webroot/weixin.wodeimai.com/Application/Common/Model/ManagerMenuModel.class.php 第 116 行.
NOTIC: [8] Undefined variable: addons /data/webroot/weixin.wodeimai.com/Application/Common/Common/function.php 第 501 行.
NOTIC: [8] Undefined offset: 265 /data/webroot/weixin.wodeimai.com/Application/Common/Model/ManagerMenuModel.class.php 第 106 行.
NOTIC: [8] Undefined offset: 265 /data/webroot/weixin.wodeimai.com/Application/Common/Model/ManagerMenuModel.class.php 第 116 行.
SQL: SELECT * FROM `wp_public_link` WHERE `uid` = 0  [ RunTime:0.0003s ]
NOTIC: [2] Invalid argument supplied for foreach() /data/webroot/weixin.wodeimai.com/Application/Common/Model/PublicModel.class.php 第 48 行.
NOTIC: [8] Undefined variable: res /data/webroot/weixin.wodeimai.com/Application/Common/Model/PublicModel.class.php 第 52 行.
SQL: SELECT * FROM `wp_model` WHERE `name` = 'shop' LIMIT 1   [ RunTime:0.0299s ]
NOTIC: [8] Undefined index: query /data/webroot/weixin.wodeimai.com/ThinkPHP/Common/functions.php 第 1006 行.
NOTIC: [8] Undefined index: query /data/webroot/weixin.wodeimai.com/ThinkPHP/Common/functions.php 第 1006 行.
SQL: SELECT * FROM `wp_shop` WHERE `token` = '-1' LIMIT 1   [ RunTime:0.0290s ]
NOTIC: [8] Undefined variable: addons /data/webroot/weixin.wodeimai.com/Application/Common/Common/function.php 第 501 行.

[ 2017-08-12T15:31:32+08:00 ] 176.193.166.110 /index.php?s=/addon/Shop/Shop/summary/mdm/266%7C365.html
INFO: [ app_init ] --START--
INFO: Run Behavior\BuildLiteBehavior [ RunTime:0.000014s ]
INFO: Run Common\Behavior\InitHookBehavior [ RunTime:0.001376s ]
INFO: [ app_init ] --END-- [ RunTime:0.001775s ]
INFO: [ app_begin ] --START--
INFO: Run Behavior\ReadHtmlCacheBehavior [ RunTime:0.000480s ]
INFO: [ app_begin ] --END-- [ RunTime:0.000541s ]
NOTIC: [2048] Declaration of Addons\Shop\Controller\ShopController::lists() should be compatible with Home\Controller\AddonsController::lists($model = NULL, $page = 0) /data/webroot/weixin.wodeimai.com/Addons/Shop/Controller/ShopController.class.php 第 7 行.
NOTIC: [2048] Declaration of Addons\Shop\Controller\ShopController::edit() should be compatible with Home\Controller\AddonsController::edit($model = NULL, $id = 0) /data/webroot/weixin.wodeimai.com/Addons/Shop/Controller/ShopController.class.php 第 7 行.
NOTIC: [2048] Declaration of Addons\Shop\Controller\ShopController::add() should be compatible with Home\Controller\AddonsController::add($model = NULL) /data/webroot/weixin.wodeimai.com/Addons/Shop/Controller/ShopController.class.php 第 7 行.
NOTIC: [8] Undefined index: uid /data/webroot/weixin.wodeimai.com/ThinkPHP/Library/Think/Controller.class.php 第 526 行.
SQL: SHOW COLUMNS FROM `wp_auth_group_access` [ RunTime:0.0011s ]
SQL: SELECT a.uid,a.group_id,g.title,g.rules FROM wp_auth_group_access a INNER JOIN wp_auth_group g on a.group_id=g.id  WHERE ( a.uid='-91502' and g.status='1' )  [ RunTime:0.0003s ]
SQL: SELECT `id`,`token` FROM `wp_public`  [ RunTime:0.0003s ]
NOTIC: [8] Undefined offset: -1 /data/webroot/weixin.wodeimai.com/Application/Common/Model/PublicModel.class.php 第 38 行.
NOTIC: [8] Undefined index: addon_status /data/webroot/weixin.wodeimai.com/Application/Common/Model/AddonStatusModel.class.php 第 47 行.
NOTIC: [8] Undefined index: group_id /data/webroot/weixin.wodeimai.com/Application/Common/Model/AddonStatusModel.class.php 第 50 行.
NOTIC: [8] Undefined variable: addons /data/webroot/weixin.wodeimai.com/Application/Common/Common/function.php 第 501 行.
NOTIC: [8] Undefined variable: addons /data/webroot/weixin.wodeimai.com/Application/Common/Common/function.php 第 501 行.
NOTIC: [8] Undefined variable: addons /data/webroot/weixin.wodeimai.com/Application/Common/Common/function.php 第 501 行.
NOTIC: [8] Undefined variable: addons /data/webroot/weixin.wodeimai.com/Application/Common/Common/function.php 第 501 行.
NOTIC: [8] Undefined variable: addons /data/webroot/weixin.wodeimai.com/Application/Common/Common/function.php 第 501 行.
NOTIC: [8] Undefined variable: addons /data/webroot/weixin.wodeimai.com/Application/Common/Common/function.php 第 501 行.
NOTIC: [8] Undefined variable: addons /data/webroot/weixin.wodeimai.com/Application/Common/Common/function.php 第 501 行.
NOTIC: [8] Undefined variable: addons /data/webroot/weixin.wodeimai.com/Application/Common/Common/function.php 第 501 行.
NOTIC: [8] Undefined variable: addons /data/webroot/weixin.wodeimai.com/Application/Common/Common/function.php 第 501 行.
NOTIC: [8] Undefined variable: addons /data/webroot/weixin.wodeimai.com/Application/Common/Common/function.php 第 501 行.
NOTIC: [8] Undefined variable: addons /data/webroot/weixin.wodeimai.com/Application/Common/Common/function.php 第 501 行.
NOTIC: [8] Undefined variable: addons /data/webroot/weixin.wodeimai.com/Application/Common/Common/function.php 第 501 行.
NOTIC: [8] Undefined variable: addons /data/webroot/weixin.wodeimai.com/Application/Common/Common/function.php 第 501 行.
NOTIC: [8] Undefined variable: addons /data/webroot/weixin.wodeimai.com/Application/Common/Common/function.php 第 501 行.
NOTIC: [8] Undefined variable: addons /data/webroot/weixin.wodeimai.com/Application/Common/Common/function.php 第 501 行.
NOTIC: [8] Undefined variable: addons /data/webroot/weixin.wodeimai.com/Application/Common/Common/function.php 第 501 行.
NOTIC: [8] Undefined variable: addons /data/webroot/weixin.wodeimai.com/Application/Common/Common/function.php 第 501 行.
NOTIC: [8] Undefined variable: addons /data/webroot/weixin.wodeimai.com/Application/Common/Common/function.php 第 501 行.
NOTIC: [8] Undefined variable: addons /data/webroot/weixin.wodeimai.com/Application/Common/Common/function.php 第 501 行.
NOTIC: [8] Undefined variable: addons /data/webroot/weixin.wodeimai.com/Application/Common/Common/function.php 第 501 行.
NOTIC: [8] Undefined variable: addons /data/webroot/weixin.wodeimai.com/Application/Common/Common/function.php 第 501 行.
NOTIC: [8] Undefined variable: addons /data/webroot/weixin.wodeimai.com/Application/Common/Common/function.php 第 501 行.
NOTIC: [8] Undefined variable: addons /data/webroot/weixin.wodeimai.com/Application/Common/Common/function.php 第 501 行.
NOTIC: [8] Undefined variable: addons /data/webroot/weixin.wodeimai.com/Application/Common/Common/function.php 第 501 行.
NOTIC: [8] Undefined variable: addons /data/webroot/weixin.wodeimai.com/Application/Common/Common/function.php 第 501 行.
NOTIC: [8] Undefined variable: addons /data/webroot/weixin.wodeimai.com/Application/Common/Common/function.php 第 501 行.
NOTIC: [8] Undefined variable: addons /data/webroot/weixin.wodeimai.com/Application/Common/Common/function.php 第 501 行.
NOTIC: [8] Undefined variable: addons /data/webroot/weixin.wodeimai.com/Application/Common/Common/function.php 第 501 行.
NOTIC: [8] Undefined variable: addons /data/webroot/weixin.wodeimai.com/Application/Common/Common/function.php 第 501 行.
NOTIC: [8] Undefined variable: addons /data/webroot/weixin.wodeimai.com/Application/Common/Common/function.php 第 501 行.
NOTIC: [8] Undefined variable: addons /data/webroot/weixin.wodeimai.com/Application/Common/Common/function.php 第 501 行.
NOTIC: [8] Undefined variable: addons /data/webroot/weixin.wodeimai.com/Application/Common/Common/function.php 第 501 行.
NOTIC: [8] Undefined variable: addons /data/webroot/weixin.wodeimai.com/Application/Common/Common/function.php 第 501 行.
NOTIC: [8] Undefined variable: addons /data/webroot/weixin.wodeimai.com/Application/Common/Common/function.php 第 501 行.
NOTIC: [8] Undefined variable: addons /data/webroot/weixin.wodeimai.com/Application/Common/Common/function.php 第 501 行.
NOTIC: [8] Undefined variable: addons /data/webroot/weixin.wodeimai.com/Application/Common/Common/function.php 第 501 行.
NOTIC: [8] Undefined variable: addons /data/webroot/weixin.wodeimai.com/Application/Common/Common/function.php 第 501 行.
NOTIC: [8] Undefined variable: addons /data/webroot/weixin.wodeimai.com/Application/Common/Common/function.php 第 501 行.
NOTIC: [8] Undefined variable: addons /data/webroot/weixin.wodeimai.com/Application/Common/Common/function.php 第 501 行.
NOTIC: [8] Undefined variable: addons /data/webroot/weixin.wodeimai.com/Application/Common/Common/function.php 第 501 行.
NOTIC: [8] Undefined variable: addons /data/webroot/weixin.wodeimai.com/Application/Common/Common/function.php 第 501 行.
NOTIC: [8] Undefined variable: addons /data/webroot/weixin.wodeimai.com/Application/Common/Common/function.php 第 501 行.
NOTIC: [8] Undefined variable: addons /data/webroot/weixin.wodeimai.com/Application/Common/Common/function.php 第 501 行.
NOTIC: [8] Undefined variable: addons /data/webroot/weixin.wodeimai.com/Application/Common/Common/function.php 第 501 行.
NOTIC: [8] Undefined variable: addons /data/webroot/weixin.wodeimai.com/Application/Common/Common/function.php 第 501 行.
NOTIC: [8] Undefined variable: addons /data/webroot/weixin.wodeimai.com/Application/Common/Common/function.php 第 501 行.
NOTIC: [8] Undefined variable: addons /data/webroot/weixin.wodeimai.com/Application/Common/Common/function.php 第 501 行.
SQL: SELECT * FROM `wp_manager_menu` WHERE `uid` = -91502 AND `is_hide` = 0 ORDER BY sort asc, id asc  [ RunTime:0.0004s ]
SQL: SELECT * FROM `wp_manager_menu` WHERE `uid` = 1 AND `is_hide` = 0 ORDER BY sort asc, id asc  [ RunTime:0.0007s ]
NOTIC: [8] Undefined variable: addons /data/webroot/weixin.wodeimai.com/Application/Common/Common/function.php 第 501 行.
NOTIC: [8] Undefined variable: addons /data/webroot/weixin.wodeimai.com/Application/Common/Common/function.php 第 501 行.
NOTIC: [8] Undefined variable: addons /data/webroot/weixin.wodeimai.com/Application/Common/Common/function.php 第 501 行.
NOTIC: [8] Undefined variable: addons /data/webroot/weixin.wodeimai.com/Application/Common/Common/function.php 第 501 行.
NOTIC: [8] Undefined variable: addons /data/webroot/weixin.wodeimai.com/Application/Common/Common/function.php 第 501 行.
NOTIC: [8] Undefined variable: addons /data/webroot/weixin.wodeimai.com/Application/Common/Common/function.php 第 501 行.
NOTIC: [8] Undefined variable: addons /data/webroot/weixin.wodeimai.com/Application/Common/Common/function.php 第 501 行.
NOTIC: [8] Undefined variable: addons /data/webroot/weixin.wodeimai.com/Application/Common/Common/function.php 第 501 行.
NOTIC: [8] Undefined variable: addons /data/webroot/weixin.wodeimai.com/Application/Common/Common/function.php 第 501 行.
NOTIC: [8] Undefined variable: addons /data/webroot/weixin.wodeimai.com/Application/Common/Common/function.php 第 501 行.
NOTIC: [8] Undefined variable: addons /data/webroot/weixin.wodeimai.com/Application/Common/Common/function.php 第 501 行.
NOTIC: [8] Undefined variable: addons /data/webroot/weixin.wodeimai.com/Application/Common/Common/function.php 第 501 行.
NOTIC: [8] Undefined variable: addons /data/webroot/weixin.wodeimai.com/Application/Common/Common/function.php 第 501 行.
NOTIC: [8] Undefined variable: addons /data/webroot/weixin.wodeimai.com/Application/Common/Common/function.php 第 501 行.
NOTIC: [8] Undefined variable: addons /data/webroot/weixin.wodeimai.com/Application/Common/Common/function.php 第 501 行.
NOTIC: [8] Undefined variable: addons /data/webroot/weixin.wodeimai.com/Application/Common/Common/function.php 第 501 行.
NOTIC: [8] Undefined variable: addons /data/webroot/weixin.wodeimai.com/Application/Common/Common/function.php 第 501 行.
NOTIC: [8] Undefined variable: addons /data/webroot/weixin.wodeimai.com/Application/Common/Common/function.php 第 501 行.
NOTIC: [8] Undefined variable: addons /data/webroot/weixin.wodeimai.com/Application/Common/Common/function.php 第 501 行.
NOTIC: [8] Undefined variable: addons /data/webroot/weixin.wodeimai.com/Application/Common/Common/function.php 第 501 行.
NOTIC: [8] Undefined variable: addons /data/webroot/weixin.wodeimai.com/Application/Common/Common/function.php 第 501 行.
NOTIC: [8] Undefined offset: 263 /data/webroot/weixin.wodeimai.com/Application/Common/Model/ManagerMenuModel.class.php 第 106 行.
NOTIC: [8] Undefined offset: 263 /data/webroot/weixin.wodeimai.com/Application/Common/Model/ManagerMenuModel.class.php 第 116 行.
NOTIC: [8] Undefined variable: addons /data/webroot/weixin.wodeimai.com/Application/Common/Common/function.php 第 501 行.
NOTIC: [8] Undefined offset: 265 /data/webroot/weixin.wodeimai.com/Application/Common/Model/ManagerMenuModel.class.php 第 106 行.
NOTIC: [8] Undefined offset: 265 /data/webroot/weixin.wodeimai.com/Application/Common/Model/ManagerMenuModel.class.php 第 116 行.
SQL: SELECT * FROM `wp_public_link` WHERE `uid` = -91502  [ RunTime:0.0003s ]
NOTIC: [2] Invalid argument supplied for foreach() /data/webroot/weixin.wodeimai.com/Application/Common/Model/PublicModel.class.php 第 48 行.
NOTIC: [8] Undefined variable: res /data/webroot/weixin.wodeimai.com/Application/Common/Model/PublicModel.class.php 第 52 行.
NOTIC: [8] Undefined index: query /data/webroot/weixin.wodeimai.com/ThinkPHP/Common/functions.php 第 1006 行.
NOTIC: [8] Undefined index: query /data/webroot/weixin.wodeimai.com/ThinkPHP/Common/functions.php 第 1006 行.
SQL: SELECT * FROM `wp_shop` WHERE `token` = '-1' LIMIT 1   [ RunTime:0.0003s ]
NOTIC: [8] Undefined variable: addons /data/webroot/weixin.wodeimai.com/Application/Common/Common/function.php 第 501 行.
SQL: SELECT `id`,`token` FROM `wp_public`  [ RunTime:0.0003s ]
NOTIC: [8] Undefined offset: -1 /data/webroot/weixin.wodeimai.com/Application/Common/Model/PublicModel.class.php 第 38 行.
NOTIC: [8] Undefined index: uid /data/webroot/weixin.wodeimai.com/Addons/Shop/Model/ShopModel.class.php 第 15 行.
SQL: SELECT * FROM `wp_shop` WHERE `token` = '-1' AND `manager_id` = null LIMIT 1   [ RunTime:0.2482s ]
NOTIC: [2] unlink(./Runtime/Temp/weixin_wodeimai_com_4d0960309fd371c8270c5c23c12a729e.php): No such file or directory /data/webroot/weixin.wodeimai.com/ThinkPHP/Library/Think/Cache/Driver/File.class.php 第 157 行.
SQL: SELECT `id`,`token` FROM `wp_public`  [ RunTime:0.0003s ]
NOTIC: [8] Undefined offset: -1 /data/webroot/weixin.wodeimai.com/Application/Common/Model/PublicModel.class.php 第 38 行.
SQL: SELECT count(1) as cc,FROM_UNIXTIME(cTime, '%H') as hh FROM `wp_visit_log` WHERE module_name='Shop' and publicid='' AND cTime>'1502436690' GROUP BY hh [ RunTime:0.4266s ]
SQL: SELECT count(1) as cc,FROM_UNIXTIME(cTime, '%H') as hh FROM `wp_shop_order` WHERE shop_id='0' AND cTime>'1502436690' GROUP BY hh [ RunTime:0.0003s ]
NOTIC: [8] Undefined variable: log_data /data/webroot/weixin.wodeimai.com/Addons/Shop/Controller/ShopController.class.php 第 122 行.
NOTIC: [8] Undefined variable: order_data /data/webroot/weixin.wodeimai.com/Addons/Shop/Controller/ShopController.class.php 第 123 行.
NOTIC: [8] Undefined variable: log_data /data/webroot/weixin.wodeimai.com/Addons/Shop/Controller/ShopController.class.php 第 122 行.
NOTIC: [8] Undefined variable: order_data /data/webroot/weixin.wodeimai.com/Addons/Shop/Controller/ShopController.class.php 第 123 行.
NOTIC: [8] Undefined variable: log_data /data/webroot/weixin.wodeimai.com/Addons/Shop/Controller/ShopController.class.php 第 122 行.
NOTIC: [8] Undefined variable: order_data /data/webroot/weixin.wodeimai.com/Addons/Shop/Controller/ShopController.class.php 第 123 行.
NOTIC: [8] Undefined variable: log_data /data/webroot/weixin.wodeimai.com/Addons/Shop/Controller/ShopController.class.php 第 122 行.
NOTIC: [8] Undefined variable: order_data /data/webroot/weixin.wodeimai.com/Addons/Shop/Controller/ShopController.class.php 第 123 行.
NOTIC: [8] Undefined variable: log_data /data/webroot/weixin.wodeimai.com/Addons/Shop/Controller/ShopController.class.php 第 122 行.
NOTIC: [8] Undefined variable: order_data /data/webroot/weixin.wodeimai.com/Addons/Shop/Controller/ShopController.class.php 第 123 行.
NOTIC: [8] Undefined variable: log_data /data/webroot/weixin.wodeimai.com/Addons/Shop/Controller/ShopController.class.php 第 122 行.
NOTIC: [8] Undefined variable: order_data /data/webroot/weixin.wodeimai.com/Addons/Shop/Controller/ShopController.class.php 第 123 行.
NOTIC: [8] Undefined variable: log_data /data/webroot/weixin.wodeimai.com/Addons/Shop/Controller/ShopController.class.php 第 122 行.
NOTIC: [8] Undefined variable: order_data /data/webroot/weixin.wodeimai.com/Addons/Shop/Controller/ShopController.class.php 第 123 行.
NOTIC: [8] Undefined variable: log_data /data/webroot/weixin.wodeimai.com/Addons/Shop/Controller/ShopController.class.php 第 122 行.
NOTIC: [8] Undefined variable: order_data /data/webroot/weixin.wodeimai.com/Addons/Shop/Controller/ShopController.class.php 第 123 行.
NOTIC: [8] Undefined variable: log_data /data/webroot/weixin.wodeimai.com/Addons/Shop/Controller/ShopController.class.php 第 122 行.
NOTIC: [8] Undefined variable: order_data /data/webroot/weixin.wodeimai.com/Addons/Shop/Controller/ShopController.class.php 第 123 行.
NOTIC: [8] Undefined variable: log_data /data/webroot/weixin.wodeimai.com/Addons/Shop/Controller/ShopController.class.php 第 122 行.
NOTIC: [8] Undefined variable: order_data /data/webroot/weixin.wodeimai.com/Addons/Shop/Controller/ShopController.class.php 第 123 行.
NOTIC: [8] Undefined variable: log_data /data/webroot/weixin.wodeimai.com/Addons/Shop/Controller/ShopController.class.php 第 122 行.
NOTIC: [8] Undefined variable: order_data /data/webroot/weixin.wodeimai.com/Addons/Shop/Controller/ShopController.class.php 第 123 行.
NOTIC: [8] Undefined variable: log_data /data/webroot/weixin.wodeimai.com/Addons/Shop/Controller/ShopController.class.php 第 122 行.
NOTIC: [8] Undefined variable: order_data /data/webroot/weixin.wodeimai.com/Addons/Shop/Controller/ShopController.class.php 第 123 行.
NOTIC: [8] Undefined variable: log_data /data/webroot/weixin.wodeimai.com/Addons/Shop/Controller/ShopController.class.php 第 122 行.
NOTIC: [8] Undefined variable: order_data /data/webroot/weixin.wodeimai.com/Addons/Shop/Controller/ShopController.class.php 第 123 行.
NOTIC: [8] Undefined variable: log_data /data/webroot/weixin.wodeimai.com/Addons/Shop/Controller/ShopController.class.php 第 122 行.
NOTIC: [8] Undefined variable: order_data /data/webroot/weixin.wodeimai.com/Addons/Shop/Controller/ShopController.class.php 第 123 行.
NOTIC: [8] Undefined variable: log_data /data/webroot/weixin.wodeimai.com/Addons/Shop/Controller/ShopController.class.php 第 122 行.
NOTIC: [8] Undefined variable: order_data /data/webroot/weixin.wodeimai.com/Addons/Shop/Controller/ShopController.class.php 第 123 行.
NOTIC: [8] Undefined variable: log_data /data/webroot/weixin.wodeimai.com/Addons/Shop/Controller/ShopController.class.php 第 122 行.
NOTIC: [8] Undefined variable: order_data /data/webroot/weixin.wodeimai.com/Addons/Shop/Controller/ShopController.class.php 第 123 行.
NOTIC: [8] Undefined variable: log_data /data/webroot/weixin.wodeimai.com/Addons/Shop/Controller/ShopController.class.php 第 122 行.
NOTIC: [8] Undefined variable: order_data /data/webroot/weixin.wodeimai.com/Addons/Shop/Controller/ShopController.class.php 第 123 行.
NOTIC: [8] Undefined variable: log_data /data/webroot/weixin.wodeimai.com/Addons/Shop/Controller/ShopController.class.php 第 122 行.
NOTIC: [8] Undefined variable: order_data /data/webroot/weixin.wodeimai.com/Addons/Shop/Controller/ShopController.class.php 第 123 行.
NOTIC: [8] Undefined variable: log_data /data/webroot/weixin.wodeimai.com/Addons/Shop/Controller/ShopController.class.php 第 122 行.
NOTIC: [8] Undefined variable: order_data /data/webroot/weixin.wodeimai.com/Addons/Shop/Controller/ShopController.class.php 第 123 行.
NOTIC: [8] Undefined variable: log_data /data/webroot/weixin.wodeimai.com/Addons/Shop/Controller/ShopController.class.php 第 122 行.
NOTIC: [8] Undefined variable: order_data /data/webroot/weixin.wodeimai.com/Addons/Shop/Controller/ShopController.class.php 第 123 行.
NOTIC: [8] Undefined variable: log_data /data/webroot/weixin.wodeimai.com/Addons/Shop/Controller/ShopController.class.php 第 122 行.
NOTIC: [8] Undefined variable: order_data /data/webroot/weixin.wodeimai.com/Addons/Shop/Controller/ShopController.class.php 第 123 行.
NOTIC: [8] Undefined variable: log_data /data/webroot/weixin.wodeimai.com/Addons/Shop/Controller/ShopController.class.php 第 122 行.
NOTIC: [8] Undefined variable: order_data /data/webroot/weixin.wodeimai.com/Addons/Shop/Controller/ShopController.class.php 第 123 行.
NOTIC: [8] Undefined variable: log_data /data/webroot/weixin.wodeimai.com/Addons/Shop/Controller/ShopController.class.php 第 122 行.
NOTIC: [8] Undefined variable: order_data /data/webroot/weixin.wodeimai.com/Addons/Shop/Controller/ShopController.class.php 第 123 行.
NOTIC: [8] Undefined variable: log_data /data/webroot/weixin.wodeimai.com/Addons/Shop/Controller/ShopController.class.php 第 122 行.
NOTIC: [8] Undefined variable: order_data /data/webroot/weixin.wodeimai.com/Addons/Shop/Controller/ShopController.class.php 第 123 行.
SQL: SELECT `id` FROM `wp_shop_goods` WHERE `token` = '-1' AND `is_delete` = 0  [ RunTime:0.0003s ]
NOTIC: [2] Invalid argument supplied for foreach() /data/webroot/weixin.wodeimai.com/Addons/Shop/Controller/ShopController.class.php 第 145 行.
SQL: SELECT sum(is_new) as new_count,count(1) as total_count FROM `wp_shop_order` WHERE `token` = '-1' LIMIT 1   [ RunTime:0.0003s ]
INFO: [ view_parse ] --START--
INFO: [ template_filter ] --START--
INFO: Run Behavior\ContentReplaceBehavior [ RunTime:0.000284s ]
INFO: [ template_filter ] --END-- [ RunTime:0.000361s ]
NOTIC: [8] Use of undefined constant website_logo - assumed 'website_logo' /data/webroot/weixin.wodeimai.com/Runtime/Cache/Home/e54305db7dd82b9d21400dd523275162.php 第 58 行.

[ 2017-08-12T15:31:34+08:00 ] 176.193.166.110 /index.php?s=/home/user/login/from/4.html
INFO: [ app_init ] --START--
INFO: Run Behavior\BuildLiteBehavior [ RunTime:0.000013s ]
INFO: Run Common\Behavior\InitHookBehavior [ RunTime:0.001341s ]
INFO: [ app_init ] --END-- [ RunTime:0.001753s ]
INFO: [ app_begin ] --START--
INFO: Run Behavior\ReadHtmlCacheBehavior [ RunTime:0.000477s ]
INFO: [ app_begin ] --END-- [ RunTime:0.000529s ]
NOTIC: [8] Undefined index: uid /data/webroot/weixin.wodeimai.com/ThinkPHP/Library/Think/Controller.class.php 第 526 行.
SQL: SHOW COLUMNS FROM `wp_auth_group_access` [ RunTime:0.0010s ]
SQL: SELECT a.uid,a.group_id,g.title,g.rules FROM wp_auth_group_access a INNER JOIN wp_auth_group g on a.group_id=g.id  WHERE ( a.uid='-91502' and g.status='1' )  [ RunTime:0.0003s ]
SQL: SELECT `id`,`token` FROM `wp_public`  [ RunTime:0.0003s ]
NOTIC: [8] Undefined offset: -1 /data/webroot/weixin.wodeimai.com/Application/Common/Model/PublicModel.class.php 第 38 行.
NOTIC: [8] Undefined index: addon_status /data/webroot/weixin.wodeimai.com/Application/Common/Model/AddonStatusModel.class.php 第 47 行.
NOTIC: [8] Undefined index: group_id /data/webroot/weixin.wodeimai.com/Application/Common/Model/AddonStatusModel.class.php 第 50 行.
NOTIC: [8] Undefined variable: addons /data/webroot/weixin.wodeimai.com/Application/Common/Common/function.php 第 501 行.
NOTIC: [8] Undefined variable: addons /data/webroot/weixin.wodeimai.com/Application/Common/Common/function.php 第 501 行.
NOTIC: [8] Undefined variable: addons /data/webroot/weixin.wodeimai.com/Application/Common/Common/function.php 第 501 行.
NOTIC: [8] Undefined variable: addons /data/webroot/weixin.wodeimai.com/Application/Common/Common/function.php 第 501 行.
NOTIC: [8] Undefined variable: addons /data/webroot/weixin.wodeimai.com/Application/Common/Common/function.php 第 501 行.
NOTIC: [8] Undefined variable: addons /data/webroot/weixin.wodeimai.com/Application/Common/Common/function.php 第 501 行.
NOTIC: [8] Undefined variable: addons /data/webroot/weixin.wodeimai.com/Application/Common/Common/function.php 第 501 行.
NOTIC: [8] Undefined variable: addons /data/webroot/weixin.wodeimai.com/Application/Common/Common/function.php 第 501 行.
NOTIC: [8] Undefined variable: addons /data/webroot/weixin.wodeimai.com/Application/Common/Common/function.php 第 501 行.
NOTIC: [8] Undefined variable: addons /data/webroot/weixin.wodeimai.com/Application/Common/Common/function.php 第 501 行.
NOTIC: [8] Undefined variable: addons /data/webroot/weixin.wodeimai.com/Application/Common/Common/function.php 第 501 行.
NOTIC: [8] Undefined variable: addons /data/webroot/weixin.wodeimai.com/Application/Common/Common/function.php 第 501 行.
NOTIC: [8] Undefined variable: addons /data/webroot/weixin.wodeimai.com/Application/Common/Common/function.php 第 501 行.
NOTIC: [8] Undefined variable: addons /data/webroot/weixin.wodeimai.com/Application/Common/Common/function.php 第 501 行.
NOTIC: [8] Undefined variable: addons /data/webroot/weixin.wodeimai.com/Application/Common/Common/function.php 第 501 行.
NOTIC: [8] Undefined variable: addons /data/webroot/weixin.wodeimai.com/Application/Common/Common/function.php 第 501 行.
NOTIC: [8] Undefined variable: addons /data/webroot/weixin.wodeimai.com/Application/Common/Common/function.php 第 501 行.
NOTIC: [8] Undefined variable: addons /data/webroot/weixin.wodeimai.com/Application/Common/Common/function.php 第 501 行.
NOTIC: [8] Undefined variable: addons /data/webroot/weixin.wodeimai.com/Application/Common/Common/function.php 第 501 行.
NOTIC: [8] Undefined variable: addons /data/webroot/weixin.wodeimai.com/Application/Common/Common/function.php 第 501 行.
NOTIC: [8] Undefined variable: addons /data/webroot/weixin.wodeimai.com/Application/Common/Common/function.php 第 501 行.
NOTIC: [8] Undefined variable: addons /data/webroot/weixin.wodeimai.com/Application/Common/Common/function.php 第 501 行.
NOTIC: [8] Undefined variable: addons /data/webroot/weixin.wodeimai.com/Application/Common/Common/function.php 第 501 行.
NOTIC: [8] Undefined variable: addons /data/webroot/weixin.wodeimai.com/Application/Common/Common/function.php 第 501 行.
NOTIC: [8] Undefined variable: addons /data/webroot/weixin.wodeimai.com/Application/Common/Common/function.php 第 501 行.
NOTIC: [8] Undefined variable: addons /data/webroot/weixin.wodeimai.com/Application/Common/Common/function.php 第 501 行.
NOTIC: [8] Undefined variable: addons /data/webroot/weixin.wodeimai.com/Application/Common/Common/function.php 第 501 行.
NOTIC: [8] Undefined variable: addons /data/webroot/weixin.wodeimai.com/Application/Common/Common/function.php 第 501 行.
NOTIC: [8] Undefined variable: addons /data/webroot/weixin.wodeimai.com/Application/Common/Common/function.php 第 501 行.
NOTIC: [8] Undefined variable: addons /data/webroot/weixin.wodeimai.com/Application/Common/Common/function.php 第 501 行.
NOTIC: [8] Undefined variable: addons /data/webroot/weixin.wodeimai.com/Application/Common/Common/function.php 第 501 行.
NOTIC: [8] Undefined variable: addons /data/webroot/weixin.wodeimai.com/Application/Common/Common/function.php 第 501 行.
NOTIC: [8] Undefined variable: addons /data/webroot/weixin.wodeimai.com/Application/Common/Common/function.php 第 501 行.
NOTIC: [8] Undefined variable: addons /data/webroot/weixin.wodeimai.com/Application/Common/Common/function.php 第 501 行.
NOTIC: [8] Undefined variable: addons /data/webroot/weixin.wodeimai.com/Application/Common/Common/function.php 第 501 行.
NOTIC: [8] Undefined variable: addons /data/webroot/weixin.wodeimai.com/Application/Common/Common/function.php 第 501 行.
NOTIC: [8] Undefined variable: addons /data/webroot/weixin.wodeimai.com/Application/Common/Common/function.php 第 501 行.
NOTIC: [8] Undefined variable: addons /data/webroot/weixin.wodeimai.com/Application/Common/Common/function.php 第 501 行.
NOTIC: [8] Undefined variable: addons /data/webroot/weixin.wodeimai.com/Application/Common/Common/function.php 第 501 行.
NOTIC: [8] Undefined variable: addons /data/webroot/weixin.wodeimai.com/Application/Common/Common/function.php 第 501 行.
NOTIC: [8] Undefined variable: addons /data/webroot/weixin.wodeimai.com/Application/Common/Common/function.php 第 501 行.
NOTIC: [8] Undefined variable: addons /data/webroot/weixin.wodeimai.com/Application/Common/Common/function.php 第 501 行.
NOTIC: [8] Undefined variable: addons /data/webroot/weixin.wodeimai.com/Application/Common/Common/function.php 第 501 行.
NOTIC: [8] Undefined variable: addons /data/webroot/weixin.wodeimai.com/Application/Common/Common/function.php 第 501 行.
NOTIC: [8] Undefined variable: addons /data/webroot/weixin.wodeimai.com/Application/Common/Common/function.php 第 501 行.
NOTIC: [8] Undefined variable: addons /data/webroot/weixin.wodeimai.com/Application/Common/Common/function.php 第 501 行.
NOTIC: [8] Undefined variable: addons /data/webroot/weixin.wodeimai.com/Application/Common/Common/function.php 第 501 行.
SQL: SELECT * FROM `wp_manager_menu` WHERE `uid` = -91502 AND `is_hide` = 0 ORDER BY sort asc, id asc  [ RunTime:0.0004s ]
SQL: SELECT * FROM `wp_manager_menu` WHERE `uid` = 1 AND `is_hide` = 0 ORDER BY sort asc, id asc  [ RunTime:0.0007s ]
NOTIC: [8] Undefined variable: addons /data/webroot/weixin.wodeimai.com/Application/Common/Common/function.php 第 501 行.
NOTIC: [8] Undefined variable: addons /data/webroot/weixin.wodeimai.com/Application/Common/Common/function.php 第 501 行.
NOTIC: [8] Undefined variable: addons /data/webroot/weixin.wodeimai.com/Application/Common/Common/function.php 第 501 行.
NOTIC: [8] Undefined variable: addons /data/webroot/weixin.wodeimai.com/Application/Common/Common/function.php 第 501 行.
NOTIC: [8] Undefined variable: addons /data/webroot/weixin.wodeimai.com/Application/Common/Common/function.php 第 501 行.
NOTIC: [8] Undefined variable: addons /data/webroot/weixin.wodeimai.com/Application/Common/Common/function.php 第 501 行.
NOTIC: [8] Undefined variable: addons /data/webroot/weixin.wodeimai.com/Application/Common/Common/function.php 第 501 行.
NOTIC: [8] Undefined variable: addons /data/webroot/weixin.wodeimai.com/Application/Common/Common/function.php 第 501 行.
NOTIC: [8] Undefined variable: addons /data/webroot/weixin.wodeimai.com/Application/Common/Common/function.php 第 501 行.
NOTIC: [8] Undefined variable: addons /data/webroot/weixin.wodeimai.com/Application/Common/Common/function.php 第 501 行.
NOTIC: [8] Undefined variable: addons /data/webroot/weixin.wodeimai.com/Application/Common/Common/function.php 第 501 行.
NOTIC: [8] Undefined variable: addons /data/webroot/weixin.wodeimai.com/Application/Common/Common/function.php 第 501 行.
NOTIC: [8] Undefined variable: addons /data/webroot/weixin.wodeimai.com/Application/Common/Common/function.php 第 501 行.
NOTIC: [8] Undefined variable: addons /data/webroot/weixin.wodeimai.com/Application/Common/Common/function.php 第 501 行.
NOTIC: [8] Undefined variable: addons /data/webroot/weixin.wodeimai.com/Application/Common/Common/function.php 第 501 行.
NOTIC: [8] Undefined variable: addons /data/webroot/weixin.wodeimai.com/Application/Common/Common/function.php 第 501 行.
NOTIC: [8] Undefined variable: addons /data/webroot/weixin.wodeimai.com/Application/Common/Common/function.php 第 501 行.
NOTIC: [8] Undefined variable: addons /data/webroot/weixin.wodeimai.com/Application/Common/Common/function.php 第 501 行.
NOTIC: [8] Undefined variable: addons /data/webroot/weixin.wodeimai.com/Application/Common/Common/function.php 第 501 行.
NOTIC: [8] Undefined variable: addons /data/webroot/weixin.wodeimai.com/Application/Common/Common/function.php 第 501 行.
NOTIC: [8] Undefined variable: addons /data/webroot/weixin.wodeimai.com/Application/Common/Common/function.php 第 501 行.
NOTIC: [8] Undefined offset: 263 /data/webroot/weixin.wodeimai.com/Application/Common/Model/ManagerMenuModel.class.php 第 106 行.
NOTIC: [8] Undefined offset: 263 /data/webroot/weixin.wodeimai.com/Application/Common/Model/ManagerMenuModel.class.php 第 116 行.
NOTIC: [8] Undefined variable: addons /data/webroot/weixin.wodeimai.com/Application/Common/Common/function.php 第 501 行.
NOTIC: [8] Undefined offset: 265 /data/webroot/weixin.wodeimai.com/Application/Common/Model/ManagerMenuModel.class.php 第 106 行.
NOTIC: [8] Undefined offset: 265 /data/webroot/weixin.wodeimai.com/Application/Common/Model/ManagerMenuModel.class.php 第 116 行.
SQL: SELECT * FROM `wp_public_link` WHERE `uid` = -91502  [ RunTime:0.0003s ]
NOTIC: [2] Invalid argument supplied for foreach() /data/webroot/weixin.wodeimai.com/Application/Common/Model/PublicModel.class.php 第 48 行.
NOTIC: [8] Undefined variable: res /data/webroot/weixin.wodeimai.com/Application/Common/Model/PublicModel.class.php 第 52 行.
SQL: SELECT `id`,`qr_code`,`addon`,`aim_id`,`cTime`,`token`,`action_name`,`extra_text`,`extra_int`,`request_count`,`scene_id`,`expire_seconds` FROM `wp_qr_code` WHERE `addon` = 'ScanLogin' AND `extra_text` = '598eaed558fcd' LIMIT 1   [ RunTime:0.0003s ]
SQL: SELECT `id`,`token` FROM `wp_public`  [ RunTime:0.0003s ]
NOTIC: [8] Undefined offset: -1 /data/webroot/weixin.wodeimai.com/Application/Common/Model/PublicModel.class.php 第 38 行.
NOTIC: [8] Undefined index: appid /data/webroot/weixin.wodeimai.com/Application/Home/Model/QrCodeModel.class.php 第 28 行.
NOTIC: [8] Undefined index: secret /data/webroot/weixin.wodeimai.com/Application/Home/Model/QrCodeModel.class.php 第 29 行.
SQL: SELECT `id`,`token` FROM `wp_public`  [ RunTime:0.0002s ]
NOTIC: [8] Undefined offset: -1 /data/webroot/weixin.wodeimai.com/Application/Common/Model/PublicModel.class.php 第 38 行.
NOTIC: [8] Undefined index: is_bind /data/webroot/weixin.wodeimai.com/Application/Common/Common/function.php 第 1566 行.
NOTIC: [8] Undefined index: appid /data/webroot/weixin.wodeimai.com/Application/Common/Common/function.php 第 1569 行.
NOTIC: [8] Undefined index: secret /data/webroot/weixin.wodeimai.com/Application/Common/Common/function.php 第 1569 行.
SQL: SELECT `id`,`token` FROM `wp_public`  [ RunTime:0.0003s ]
NOTIC: [8] Undefined offset: -1 /data/webroot/weixin.wodeimai.com/Application/Common/Model/PublicModel.class.php 第 38 行.
NOTIC: [8] Undefined index: is_bind /data/webroot/weixin.wodeimai.com/Application/Common/Common/function.php 第 1566 行.
NOTIC: [8] Undefined index: appid /data/webroot/weixin.wodeimai.com/Application/Common/Common/function.php 第 1569 行.
NOTIC: [8] Undefined index: secret /data/webroot/weixin.wodeimai.com/Application/Common/Common/function.php 第 1569 行.
INFO: [ view_parse ] --START--
INFO: [ template_filter ] --START--
INFO: Run Behavior\ContentReplaceBehavior [ RunTime:0.000175s ]
INFO: [ template_filter ] --END-- [ RunTime:0.000235s ]
INFO: Run Behavior\ParseTemplateBehavior [ RunTime:0.015792s ]
INFO: [ view_parse ] --END-- [ RunTime:0.015856s ]
INFO: [ view_filter ] --START--
INFO: Run Behavior\WriteHtmlCacheBehavior [ RunTime:0.000470s ]
INFO: [ view_filter ] --END-- [ RunTime:0.000520s ]
INFO: [ app_end ] --START--
INFO: Run Behavior\ShowPageTraceBehavior [ RunTime:0.000851s ]
INFO: Run Behavior\CronRunBehavior [ RunTime:0.001323s ]
INFO: [ app_end ] --END-- [ RunTime:0.002267s ]

[ 2017-08-12T15:31:54+08:00 ] 176.193.166.110 /index.php?s=/Home/User/login.html
INFO: [ app_init ] --START--
INFO: Run Behavior\BuildLiteBehavior [ RunTime:0.000013s ]
INFO: Run Common\Behavior\InitHookBehavior [ RunTime:0.001355s ]
INFO: [ app_init ] --END-- [ RunTime:0.001743s ]
INFO: [ app_begin ] --START--
INFO: Run Behavior\ReadHtmlCacheBehavior [ RunTime:0.000468s ]
INFO: [ app_begin ] --END-- [ RunTime:0.000515s ]
NOTIC: [8] Undefined index: uid /data/webroot/weixin.wodeimai.com/ThinkPHP/Library/Think/Controller.class.php 第 526 行.
INFO: [ app_end ] --START--
INFO: Run Behavior\ShowPageTraceBehavior [ RunTime:0.000493s ]
INFO: Run Behavior\CronRunBehavior [ RunTime:0.000988s ]
INFO: [ app_end ] --END-- [ RunTime:0.001571s ]

[ 2017-08-12T15:31:57+08:00 ] 176.193.166.110 /index.php?s=/Home/User/login.html
INFO: [ app_init ] --START--
INFO: Run Behavior\BuildLiteBehavior [ RunTime:0.000014s ]
INFO: Run Common\Behavior\InitHookBehavior [ RunTime:0.001398s ]
INFO: [ app_init ] --END-- [ RunTime:0.001807s ]
INFO: [ app_begin ] --START--
INFO: Run Behavior\ReadHtmlCacheBehavior [ RunTime:0.000483s ]
INFO: [ app_begin ] --END-- [ RunTime:0.000531s ]
NOTIC: [8] Undefined index: uid /data/webroot/weixin.wodeimai.com/ThinkPHP/Library/Think/Controller.class.php 第 526 行.
INFO: [ app_end ] --START--
INFO: Run Behavior\ShowPageTraceBehavior [ RunTime:0.000523s ]
INFO: Run Behavior\CronRunBehavior [ RunTime:0.001008s ]
INFO: [ app_end ] --END-- [ RunTime:0.001627s ]

[ 2017-08-12T15:32:00+08:00 ] 176.193.166.110 /index.php?s=/Home/User/login.html
INFO: [ app_init ] --START--
INFO: Run Behavior\BuildLiteBehavior [ RunTime:0.000014s ]
INFO: Run Common\Behavior\InitHookBehavior [ RunTime:0.001348s ]
INFO: [ app_init ] --END-- [ RunTime:0.001738s ]
INFO: [ app_begin ] --START--
INFO: Run Behavior\ReadHtmlCacheBehavior [ RunTime:0.000495s ]
INFO: [ app_begin ] --END-- [ RunTime:0.000543s ]
NOTIC: [8] Undefined index: uid /data/webroot/weixin.wodeimai.com/ThinkPHP/Library/Think/Controller.class.php 第 526 行.
INFO: [ app_end ] --START--
INFO: Run Behavior\ShowPageTraceBehavior [ RunTime:0.000490s ]
INFO: Run Behavior\CronRunBehavior [ RunTime:0.000987s ]
INFO: [ app_end ] --END-- [ RunTime:0.001564s ]

